kruszywo.sa.traffic.stats.exception.SystemOperationException: Błąd podczas połączenia POST API
	at kruszywo.sa.traffic.stats.model.AddressResolver.findDataForAddresses(AddressResolver.java:59)
	at kruszywo.sa.traffic.stats.controller.Controller$3.run(Controller.java:195)
	at java.base/java.lang.Thread.run(Thread.java:832)
Caused by: java.io.IOException: Server returned HTTP response code: 429 for URL: http://ip-api.com/batch?fields=status,as,query
	at java.base/sun.net.www.protocol.http.HttpURLConnection.getInputStream0(HttpURLConnection.java:1932)
	at java.base/sun.net.www.protocol.http.HttpURLConnection.getInputStream(HttpURLConnection.java:1528)
	at kruszywo.sa.traffic.stats.model.AddressResolver.findDataForAddresses(AddressResolver.java:57)
	... 2 more

kruszywo.sa.traffic.stats.exception.SystemOperationException: Błąd podczas połączenia POST API
	at kruszywo.sa.traffic.stats.model.AddressResolver.findDataForAddresses(AddressResolver.java:59)
	at kruszywo.sa.traffic.stats.controller.Controller$3.run(Controller.java:195)
	at java.base/java.lang.Thread.run(Thread.java:832)
Caused by: java.io.IOException: Server returned HTTP response code: 429 for URL: http://ip-api.com/batch?fields=status,as,query
	at java.base/sun.net.www.protocol.http.HttpURLConnection.getInputStream0(HttpURLConnection.java:1932)
	at java.base/sun.net.www.protocol.http.HttpURLConnection.getInputStream(HttpURLConnection.java:1528)
	at kruszywo.sa.traffic.stats.model.AddressResolver.findDataForAddresses(AddressResolver.java:57)
	... 2 more

kruszywo.sa.traffic.stats.exception.SystemOperationException: Błąd podczas połączenia POST API
	at kruszywo.sa.traffic.stats.model.AddressResolver.findDataForAddresses(AddressResolver.java:59)
	at kruszywo.sa.traffic.stats.controller.Controller$3.run(Controller.java:195)
	at java.base/java.lang.Thread.run(Thread.java:832)
Caused by: java.io.IOException: Server returned HTTP response code: 429 for URL: http://ip-api.com/batch?fields=status,as,query
	at java.base/sun.net.www.protocol.http.HttpURLConnection.getInputStream0(HttpURLConnection.java:1932)
	at java.base/sun.net.www.protocol.http.HttpURLConnection.getInputStream(HttpURLConnection.java:1528)
	at kruszywo.sa.traffic.stats.model.AddressResolver.findDataForAddresses(AddressResolver.java:57)
	... 2 more

kruszywo.sa.traffic.stats.exception.SystemOperationException: Błąd podczas połączenia POST API
	at kruszywo.sa.traffic.stats.model.AddressResolver.findDataForAddresses(AddressResolver.java:59)
	at kruszywo.sa.traffic.stats.controller.Controller$3.run(Controller.java:195)
	at java.base/java.lang.Thread.run(Thread.java:832)
Caused by: java.io.IOException: Server returned HTTP response code: 429 for URL: http://ip-api.com/batch?fields=status,as,query
	at java.base/sun.net.www.protocol.http.HttpURLConnection.getInputStream0(HttpURLConnection.java:1932)
	at java.base/sun.net.www.protocol.http.HttpURLConnection.getInputStream(HttpURLConnection.java:1528)
	at kruszywo.sa.traffic.stats.model.AddressResolver.findDataForAddresses(AddressResolver.java:57)
	... 2 more

kruszywo.sa.traffic.stats.exception.SystemOperationException: Błąd podczas połączenia POST API
	at kruszywo.sa.traffic.stats.model.AddressResolver.findDataForAddresses(AddressResolver.java:59)
	at kruszywo.sa.traffic.stats.controller.Controller$3.run(Controller.java:195)
	at java.base/java.lang.Thread.run(Thread.java:832)
Caused by: java.io.IOException: Server returned HTTP response code: 429 for URL: http://ip-api.com/batch?fields=status,as,query
	at java.base/sun.net.www.protocol.http.HttpURLConnection.getInputStream0(HttpURLConnection.java:1932)
	at java.base/sun.net.www.protocol.http.HttpURLConnection.getInputStream(HttpURLConnection.java:1528)
	at kruszywo.sa.traffic.stats.model.AddressResolver.findDataForAddresses(AddressResolver.java:57)
	... 2 more

kruszywo.sa.traffic.stats.exception.SystemOperationException: Błąd podczas połączenia POST API
	at kruszywo.sa.traffic.stats.model.AddressResolver.findDataForAddresses(AddressResolver.java:59)
	at kruszywo.sa.traffic.stats.controller.Controller$3.run(Controller.java:195)
	at java.base/java.lang.Thread.run(Thread.java:832)
Caused by: java.io.IOException: Server returned HTTP response code: 429 for URL: http://ip-api.com/batch?fields=status,as,query
	at java.base/sun.net.www.protocol.http.HttpURLConnection.getInputStream0(HttpURLConnection.java:1932)
	at java.base/sun.net.www.protocol.http.HttpURLConnection.getInputStream(HttpURLConnection.java:1528)
	at kruszywo.sa.traffic.stats.model.AddressResolver.findDataForAddresses(AddressResolver.java:57)
	... 2 more

kruszywo.sa.traffic.stats.exception.SystemOperationException: Błąd podczas połączenia POST API
	at kruszywo.sa.traffic.stats.model.AddressResolver.findDataForAddresses(AddressResolver.java:59)
	at kruszywo.sa.traffic.stats.controller.Controller$3.run(Controller.java:195)
	at java.base/java.lang.Thread.run(Thread.java:832)
Caused by: java.io.IOException: Server returned HTTP response code: 429 for URL: http://ip-api.com/batch?fields=status,as,query
	at java.base/sun.net.www.protocol.http.HttpURLConnection.getInputStream0(HttpURLConnection.java:1932)
	at java.base/sun.net.www.protocol.http.HttpURLConnection.getInputStream(HttpURLConnection.java:1528)
	at kruszywo.sa.traffic.stats.model.AddressResolver.findDataForAddresses(AddressResolver.java:57)
	... 2 more

kruszywo.sa.traffic.stats.exception.SystemOperationException: Błąd podczas połączenia POST API
	at kruszywo.sa.traffic.stats.model.AddressResolver.findDataForAddresses(AddressResolver.java:59)
	at kruszywo.sa.traffic.stats.controller.Controller$3.run(Controller.java:195)
	at java.base/java.lang.Thread.run(Thread.java:832)
Caused by: java.io.IOException: Server returned HTTP response code: 429 for URL: http://ip-api.com/batch?fields=status,as,query
	at java.base/sun.net.www.protocol.http.HttpURLConnection.getInputStream0(HttpURLConnection.java:1932)
	at java.base/sun.net.www.protocol.http.HttpURLConnection.getInputStream(HttpURLConnection.java:1528)
	at kruszywo.sa.traffic.stats.model.AddressResolver.findDataForAddresses(AddressResolver.java:57)
	... 2 more

kruszywo.sa.traffic.stats.exception.SystemOperationException: Błąd podczas połączenia POST API
	at kruszywo.sa.traffic.stats.model.AddressResolver.findDataForAddresses(AddressResolver.java:59)
	at kruszywo.sa.traffic.stats.controller.Controller$3.run(Controller.java:195)
	at java.base/java.lang.Thread.run(Thread.java:832)
Caused by: java.io.IOException: Server returned HTTP response code: 429 for URL: http://ip-api.com/batch?fields=status,as,query
	at java.base/sun.net.www.protocol.http.HttpURLConnection.getInputStream0(HttpURLConnection.java:1932)
	at java.base/sun.net.www.protocol.http.HttpURLConnection.getInputStream(HttpURLConnection.java:1528)
	at kruszywo.sa.traffic.stats.model.AddressResolver.findDataForAddresses(AddressResolver.java:57)
	... 2 more

kruszywo.sa.traffic.stats.exception.SystemOperationException: Błąd podczas połączenia POST API
	at kruszywo.sa.traffic.stats.model.AddressResolver.findDataForAddresses(AddressResolver.java:59)
	at kruszywo.sa.traffic.stats.controller.Controller$3.run(Controller.java:195)
	at java.base/java.lang.Thread.run(Thread.java:832)
Caused by: java.io.IOException: Server returned HTTP response code: 429 for URL: http://ip-api.com/batch?fields=status,as,query
	at java.base/sun.net.www.protocol.http.HttpURLConnection.getInputStream0(HttpURLConnection.java:1932)
	at java.base/sun.net.www.protocol.http.HttpURLConnection.getInputStream(HttpURLConnection.java:1528)
	at kruszywo.sa.traffic.stats.model.AddressResolver.findDataForAddresses(AddressResolver.java:57)
	... 2 more

kruszywo.sa.traffic.stats.exception.SystemOperationException: Błąd podczas połączenia POST API
	at kruszywo.sa.traffic.stats.model.AddressResolver.findDataForAddresses(AddressResolver.java:59)
	at kruszywo.sa.traffic.stats.controller.Controller$3.run(Controller.java:195)
	at java.base/java.lang.Thread.run(Thread.java:832)
Caused by: java.io.IOException: Server returned HTTP response code: 429 for URL: http://ip-api.com/batch?fields=status,as,query
	at java.base/sun.net.www.protocol.http.HttpURLConnection.getInputStream0(HttpURLConnection.java:1932)
	at java.base/sun.net.www.protocol.http.HttpURLConnection.getInputStream(HttpURLConnection.java:1528)
	at kruszywo.sa.traffic.stats.model.AddressResolver.findDataForAddresses(AddressResolver.java:57)
	... 2 more

kruszywo.sa.traffic.stats.exception.SystemOperationException: Błąd podczas połączenia POST API
	at kruszywo.sa.traffic.stats.model.AddressResolver.findDataForAddresses(AddressResolver.java:59)
	at kruszywo.sa.traffic.stats.controller.Controller$3.run(Controller.java:195)
	at java.base/java.lang.Thread.run(Thread.java:832)
Caused by: java.io.IOException: Server returned HTTP response code: 429 for URL: http://ip-api.com/batch?fields=status,as,query
	at java.base/sun.net.www.protocol.http.HttpURLConnection.getInputStream0(HttpURLConnection.java:1932)
	at java.base/sun.net.www.protocol.http.HttpURLConnection.getInputStream(HttpURLConnection.java:1528)
	at kruszywo.sa.traffic.stats.model.AddressResolver.findDataForAddresses(AddressResolver.java:57)
	... 2 more

kruszywo.sa.traffic.stats.exception.SystemOperationException: Błąd podczas połączenia POST API
	at kruszywo.sa.traffic.stats.model.AddressResolver.findDataForAddresses(AddressResolver.java:59)
	at kruszywo.sa.traffic.stats.controller.Controller$3.run(Controller.java:195)
	at java.base/java.lang.Thread.run(Thread.java:832)
Caused by: java.io.IOException: Server returned HTTP response code: 429 for URL: http://ip-api.com/batch?fields=status,as,query
	at java.base/sun.net.www.protocol.http.HttpURLConnection.getInputStream0(HttpURLConnection.java:1932)
	at java.base/sun.net.www.protocol.http.HttpURLConnection.getInputStream(HttpURLConnection.java:1528)
	at kruszywo.sa.traffic.stats.model.AddressResolver.findDataForAddresses(AddressResolver.java:57)
	... 2 more

kruszywo.sa.traffic.stats.exception.SystemOperationException: Błąd podczas połączenia POST API
	at kruszywo.sa.traffic.stats.model.AddressResolver.findDataForAddresses(AddressResolver.java:59)
	at kruszywo.sa.traffic.stats.controller.Controller$3.run(Controller.java:195)
	at java.base/java.lang.Thread.run(Thread.java:832)
Caused by: java.io.IOException: Server returned HTTP response code: 429 for URL: http://ip-api.com/batch?fields=status,as,query
	at java.base/sun.net.www.protocol.http.HttpURLConnection.getInputStream0(HttpURLConnection.java:1932)
	at java.base/sun.net.www.protocol.http.HttpURLConnection.getInputStream(HttpURLConnection.java:1528)
	at kruszywo.sa.traffic.stats.model.AddressResolver.findDataForAddresses(AddressResolver.java:57)
	... 2 more

kruszywo.sa.traffic.stats.exception.SystemOperationException: Błąd podczas połączenia POST API
	at kruszywo.sa.traffic.stats.model.AddressResolver.findDataForAddresses(AddressResolver.java:59)
	at kruszywo.sa.traffic.stats.controller.Controller$3.run(Controller.java:195)
	at java.base/java.lang.Thread.run(Thread.java:832)
Caused by: java.io.IOException: Server returned HTTP response code: 429 for URL: http://ip-api.com/batch?fields=status,as,query
	at java.base/sun.net.www.protocol.http.HttpURLConnection.getInputStream0(HttpURLConnection.java:1932)
	at java.base/sun.net.www.protocol.http.HttpURLConnection.getInputStream(HttpURLConnection.java:1528)
	at kruszywo.sa.traffic.stats.model.AddressResolver.findDataForAddresses(AddressResolver.java:57)
	... 2 more
